<?xml version="1.0" encoding="UTF-8"?>
<testng-results ignored="0" total="1" passed="1" failed="0" skipped="0">
  <reporter-output>
  </reporter-output>
  <suite started-at="2024-05-24T03:16:09 IST" name="Default suite" finished-at="2024-05-24T03:16:41 IST" duration-ms="31623">
    <groups>
    </groups>
    <test started-at="2024-05-24T03:16:09 IST" name="Default test" finished-at="2024-05-24T03:16:41 IST" duration-ms="31623">
      <class name="test.TestCase04_CreateNewUsers">
        <test-method signature="createUsers()[pri:0, instance:test.TestCase04_CreateNewUsers@63a12c68]" started-at="2024-05-24T03:16:09 IST" name="createUsers" finished-at="2024-05-24T03:16:41 IST" duration-ms="31541" status="PASS">
          <reporter-output>
          </reporter-output>
        </test-method> <!-- createUsers -->
      </class> <!-- test.TestCase04_CreateNewUsers -->
    </test> <!-- Default test -->
  </suite> <!-- Default suite -->
</testng-results>
